Running job #372...
Path: /scratch/zt1/project/fuge-prj/user/cdiniz/Airfoils/MachAero/Automation/AirfoilAutomation/Studies/Surrogate_Study_11/cases/case_372
pyenv: cannot rehash: /home/mdolabuser/.pyenv/shims isn't writable
Matplotlib created a temporary config/cache directory at /tmp/matplotlib-k68vx6ns because the default path (/home/mdolabuser/.config/matplotlib) is not a writable directory; it is highly recommended to set the MPLCONFIGDIR environment variable to a writable directory, in particular to speed up the import of Matplotlib and to better support multiprocessing.
ERROR 7: VSPAERO Viewer Not Found. 
	Expected here: /home/mdolabuser/packages/OpenVSP/python/openvsp/openvsp/vspviewer
#--------------------#
 Total Nodes:     370 
 Unique Nodes:    368 
 Total Faces:     184 
#--------------------#
 Normal orientation check ...
 Normals are consistent!
 Determining topology ...
 Topology complete.
#--------------------#
Grid Ratio:  1.1809 
#--------------------#
#-------------------------------------------------------------------------------------------------------------------#
# Grid | CPU  | Sub | KSP | nAvg |  Sl  | Sensor | Sensor | Min     | Min     |  deltaS  | March    | cMax  | Ratio |
# Lvl  | Time | Its | Its |      |      | Max    | Min    | Quality | Volume  |          | Distance |       | kMax  |
#-------------------------------------------------------------------------------------------------------------------#
      2    0.0     2    10      0  0.079  1.00006  0.81377  0.53930  0.165E-09  0.286E-05  0.447E-05  0.0306  0.0000 
      3    0.0     2    10      0  0.090  1.00009  0.78365  0.50779  0.164E-09  0.398E-05  0.107E-04  0.0421  1.0043 
      4    0.0     1    10      0  0.094  1.00010  0.76270  0.51676  0.169E-09  0.410E-05  0.147E-04  0.0494  1.0048 
      5    0.0     1    10      0  0.098  1.00011  0.73567  0.53041  0.180E-09  0.410E-05  0.188E-04  0.0503  1.0261 
      6    0.0     1    10      0  0.101  1.00011  0.73616  0.54379  0.192E-09  0.410E-05  0.229E-04  0.0498  1.0280 
      7    0.0     1    10      0  0.103  1.00011  0.74171  0.55611  0.203E-09  0.410E-05  0.270E-04  0.0493  1.0271 
      8    0.0     1    10      0  0.106  1.00011  0.74648  0.56774  0.215E-09  0.410E-05  0.311E-04  0.0488  1.0257 
      9    0.0     1    10      0  0.108  1.00010  0.75067  0.57880  0.228E-09  0.410E-05  0.352E-04  0.0483  1.0244 
     10    0.0     1    10      0  0.109  1.00010  0.75443  0.58693  0.285E-09  0.484E-05  0.392E-04  0.0478  1.2107 
     11    0.0     1    10      0  0.111  1.00010  0.75839  0.60014  0.365E-09  0.571E-05  0.441E-04  0.0559  1.2444 
     12    0.0     2    10      0  0.116  1.00013  0.68282  0.61292  0.459E-09  0.674E-05  0.565E-04  0.0758  1.2082 
     13    0.0     1    10      0  0.118  1.00016  0.65052  0.62708  0.564E-09  0.797E-05  0.633E-04  0.0744  1.1811 
     14    0.0     1    10      0  0.120  1.00015  0.65895  0.63967  0.714E-09  0.941E-05  0.712E-04  0.0863  1.1990 
     15    0.0     1    10      0  0.122  1.00018  0.62452  0.65322  0.892E-09  0.111E-04  0.807E-04  0.0997  1.1850 
     16    0.0     1    10      0  0.124  1.00021  0.58973  0.66872  0.112E-08  0.131E-04  0.918E-04  0.1148  1.1840 
     17    0.0     2    10      0  0.129  1.00028  0.52242  0.68653  0.140E-08  0.155E-04  0.120E-03  0.1500  1.1823 
     18    0.0     1    10      0  0.132  1.00032  0.49293  0.70514  0.174E-08  0.183E-04  0.136E-03  0.1442  1.1810 
     19    0.0     1    10      0  0.134  1.00032  0.51232  0.72016  0.219E-08  0.216E-04  0.154E-03  0.1638  1.1840 
     20    0.0     1    10      0  0.137  1.00037  0.48306  0.73811  0.268E-08  0.255E-04  0.176E-03  0.1851  1.1815 
     21    0.0     2    10      0  0.143  1.00049  0.41560  0.76546  0.332E-08  0.301E-04  0.231E-03  0.2318  1.2777 
     22    0.0     1    10      0  0.145  1.00057  0.39833  0.78743  0.413E-08  0.356E-04  0.262E-03  0.2178  1.2261 
     23    0.0     1    11      0  0.148  1.00056  0.39225  0.79640  0.587E-08  0.420E-04  0.297E-03  0.2410  1.4538 
     24    0.0     1    11      0  0.151  1.00064  0.34772  0.80166  0.808E-08  0.496E-04  0.339E-03  0.2638  1.3280 
     25    0.0     1    11      0  0.154  1.00075  0.31551  0.80810  0.109E-07  0.586E-04  0.389E-03  0.2858  1.2536 
     26    0.0     2    11      0  0.161  1.00102  0.28358  0.81687  0.144E-07  0.692E-04  0.517E-03  0.3275  1.2059 
     27    0.0     1    11      0  0.164  1.00120  0.29090  0.80667  0.187E-07  0.817E-04  0.586E-03  0.2960  1.1822 
     28    0.0     1    11      0  0.167  1.00119  0.31482  0.80608  0.258E-07  0.965E-04  0.668E-03  0.3172  1.2210 
     29    0.0     1    12      0  0.171  1.00140  0.30706  0.79664  0.340E-07  0.114E-03  0.764E-03  0.3386  1.1929 
     30    0.0     2    12      0  0.178  1.00196  0.30131  0.78771  0.446E-07  0.135E-03  0.101E-02  0.3817  1.1902 
     31    0.0     1    11      0  0.182  1.00230  0.31225  0.78478  0.574E-07  0.159E-03  0.115E-02  0.3432  1.1829 
     32    0.0     1    12      0  0.185  1.00231  0.34391  0.79289  0.784E-07  0.188E-03  0.131E-02  0.3669  1.2009 
     33    0.0     1    12      0  0.189  1.00274  0.34455  0.78989  0.102E-06  0.222E-03  0.149E-02  0.3914  1.1887 
     34    0.0     1    12      0  0.193  1.00324  0.34656  0.79030  0.133E-06  0.262E-03  0.172E-02  0.4170  1.1876 
     35    0.0     2    12      0  0.201  1.00442  0.35723  0.79318  0.172E-06  0.309E-03  0.229E-02  0.4721  1.1879 
     36    0.0     1    12      0  0.205  1.00509  0.36811  0.80074  0.223E-06  0.365E-03  0.260E-02  0.4257  1.1840 
     37    0.0     1    12      0  0.209  1.00513  0.40120  0.81042  0.298E-06  0.431E-03  0.296E-02  0.4565  1.1904 
     38    0.0     1    13      0  0.214  1.00601  0.40484  0.80635  0.386E-06  0.509E-03  0.339E-02  0.4891  1.1874 
     39    0.0     2    13      0  0.223  1.00772  0.41666  0.80397  0.500E-06  0.601E-03  0.450E-02  0.5605  1.1875 
     40    0.0     1    13      0  0.227  1.00874  0.42554  0.80602  0.643E-06  0.710E-03  0.510E-02  0.5082  1.1848 
     41    0.0     1    13      0  0.232  1.00866  0.45690  0.81280  0.856E-06  0.839E-03  0.582E-02  0.5477  1.1891 
     42    0.0     1    13      0  0.236  1.00957  0.46124  0.81542  0.111E-05  0.991E-03  0.665E-02  0.5898  1.1874 
     43    0.0     1    14      0  0.241  1.01074  0.46631  0.81950  0.143E-05  0.117E-02  0.764E-02  0.6349  1.1872 
     44    0.0     2    14      0  0.252  1.01244  0.47935  0.82505  0.184E-05  0.138E-02  0.102E-01  0.7348  1.1869 
     45    0.0     1    14      0  0.257  1.01299  0.48681  0.82870  0.238E-05  0.163E-02  0.116E-01  0.6695  1.1849 
     46    0.0     1    14      0  0.262  1.01242  0.51439  0.83377  0.315E-05  0.193E-02  0.132E-01  0.7243  1.1872 
     47    0.0     1    15      0  0.267  1.01308  0.51920  0.83678  0.407E-05  0.228E-02  0.151E-01  0.7832  1.1862 
     48    0.1     2    15      0  0.279  1.01335  0.53089  0.84066  0.525E-05  0.269E-02  0.201E-01  0.9148  1.1857 
     49    0.1     1    15      0  0.284  1.01456  0.53702  0.84554  0.679E-05  0.317E-02  0.228E-01  0.8371  1.1845 
#-------------------------------------------------------------------------------------------------------------------#
# Grid | CPU  | Sub | KSP | nAvg |  Sl  | Sensor | Sensor | Min     | Min     |  deltaS  | March    | cMax  | Ratio |
# Lvl  | Time | Its | Its |      |      | Max    | Min    | Quality | Volume  |          | Distance |       | kMax  |
#-------------------------------------------------------------------------------------------------------------------#
     50    0.1     1    16      0  0.290  1.01425  0.56130  0.84937  0.897E-05  0.375E-02  0.260E-01  0.9088  1.1867 
     51    0.1     1    16      0  0.296  1.01643  0.56581  0.85180  0.116E-04  0.443E-02  0.297E-01  0.9862  1.1854 
     52    0.1     2    17      0  0.307  1.02049  0.58208  0.85462  0.152E-04  0.523E-02  0.383E-01  1.0000  1.1862 
     53    0.1     1    17      0  0.313  1.02180  0.59500  0.85825  0.200E-04  0.576E-02  0.432E-01  1.0000  1.1858 
     54    0.1     1    17      0  0.318  1.02319  0.60738  0.86040  0.265E-04  0.624E-02  0.485E-01  1.0000  1.1864 
     55    0.1     2    18      0  0.329  1.02593  0.63109  0.86247  0.351E-04  0.728E-02  0.604E-01  1.0000  1.1871 
     56    0.1     1    18      0  0.334  1.02715  0.64224  0.86431  0.466E-04  0.782E-02  0.670E-01  1.0000  1.1864 
     57    0.1     2    18      0  0.344  1.02932  0.66555  0.86578  0.623E-04  0.875E-02  0.814E-01  1.0000  1.1896 
     58    0.1     2    18      0  0.353  1.03151  0.68853  0.86669  0.835E-04  0.969E-02  0.974E-01  1.0000  1.1897 
     59    0.1     2    18      0  0.362  1.03380  0.70990  0.86724  0.112E-03  0.106E-01  0.115E+00  1.0000  1.1908 
     60    0.1     2    18      0  0.371  1.03606  0.72960  0.86748  0.151E-03  0.116E-01  0.134E+00  1.0000  1.1915 
     61    0.1     2    18      0  0.379  1.03769  0.74784  0.86735  0.204E-03  0.125E-01  0.155E+00  1.0000  1.1922 
     62    0.1     3    18      0  0.390  1.03820  0.77236  0.86696  0.272E-03  0.138E-01  0.189E+00  1.0000  1.1931 
     63    0.1     2    18      0  0.398  1.03729  0.78738  0.86642  0.359E-03  0.147E-01  0.214E+00  1.0000  1.1941 
     64    0.1     3    18      0  0.408  1.03552  0.80752  0.86569  0.470E-03  0.158E-01  0.253E+00  1.0000  1.1956 
     65    0.1     4    18      0  0.420  1.03697  0.82924  0.86476  0.610E-03  0.172E-01  0.309E+00  1.0000  1.2026 
     66    0.1     3    18      0  0.429  1.03841  0.84345  0.86378  0.783E-03  0.181E-01  0.355E+00  1.0000  1.2087 
     67    0.1     4    17      0  0.440  1.03244  0.86024  0.86264  0.995E-03  0.191E-01  0.418E+00  1.0000  1.2099 
     68    0.1     5    17      0  0.452  1.01645  0.87850  0.86138  0.125E-02  0.199E-01  0.501E+00  1.0000  1.2080 
     69    0.1     5    17      0  0.463  1.00000  0.89395  0.86011  0.155E-02  0.204E-01  0.587E+00  1.0000  1.2042 
     70    0.1     6    17      0  0.474  1.00000  0.90821  0.85905  0.192E-02  0.210E-01  0.692E+00  1.0000  1.2026 
     71    0.1     7    16      0  0.487  1.00000  0.91967  0.85851  0.238E-02  0.222E-01  0.820E+00  1.0000  1.2012 
     72    0.1     7    16      0  0.498  1.00000  0.92719  0.85855  0.301E-02  0.240E-01  0.958E+00  1.0000  1.1989 
     73    0.2     8    16      0  0.510  1.00000  0.93284  0.85918  0.390E-02  0.267E-01  0.113E+01  1.0000  1.1961 
     74    0.2     8    17      0  0.523  1.00000  0.93665  0.86016  0.516E-02  0.303E-01  0.132E+01  1.0000  1.1934 
     75    0.2     9    17      0  0.537  1.00000  0.93280  0.85482  0.697E-02  0.356E-01  0.158E+01  1.0000  1.1912 
     76    0.2     9    17      0  0.551  1.00000  0.92935  0.84354  0.957E-02  0.424E-01  0.188E+01  1.0000  1.1892 
     77    0.2     8    17      0  0.564  1.00000  0.92713  0.83544  0.133E-01  0.501E-01  0.219E+01  1.0000  1.1876 
     78    0.2     9    17      0  0.579  1.00000  0.92540  0.83007  0.186E-01  0.611E-01  0.262E+01  1.0000  1.1858 
     79    0.2     8    17      0  0.593  1.00000  0.92440  0.82686  0.261E-01  0.734E-01  0.308E+01  1.0000  1.1850 
     80    0.2     8    17      0  0.608  1.00000  0.92378  0.82512  0.369E-01  0.888E-01  0.363E+01  1.0000  1.1858 
     81    0.3     8    17      0  0.624  1.00000  0.92349  0.82442  0.523E-01  0.108E+00  0.431E+01  1.0000  1.1871 
     82    0.3     7    17      0  0.638  1.00000  0.92343  0.82438  0.740E-01  0.129E+00  0.502E+01  1.0000  1.1889 
     83    0.3     8    17      0  0.656  1.00000  0.92363  0.82477  0.105E+00  0.158E+00  0.600E+01  1.0000  1.1896 
     84    0.3     7    18      0  0.672  1.00000  0.92400  0.82558  0.149E+00  0.191E+00  0.704E+01  1.0000  1.1894 
     85    0.3     7    18      0  0.688  1.00000  0.92456  0.82660  0.210E+00  0.230E+00  0.830E+01  1.0000  1.1881 
     86    0.3     7    18      0  0.706  1.00000  0.92533  0.82777  0.298E+00  0.278E+00  0.982E+01  1.0000  1.1867 
     87    0.3     7    18      0  0.725  1.00000  0.92632  0.82914  0.421E+00  0.337E+00  0.117E+02  1.0000  1.1853 
     88    0.3     7    18      0  0.744  1.00000  0.92752  0.83065  0.593E+00  0.410E+00  0.139E+02  1.0000  1.1841 
     89    0.4     6    18      0  0.761  1.00000  0.92870  0.83227  0.836E+00  0.485E+00  0.162E+02  1.0000  1.1832 
     90    0.4     7    18      0  0.782  1.00000  0.93026  0.83393  0.118E+01  0.591E+00  0.194E+02  1.0000  1.1823 
     91    0.4     6    18      0  0.801  1.00000  0.93171  0.83560  0.165E+01  0.700E+00  0.228E+02  1.0000  1.1819 
     92    0.4     6    18      0  0.820  1.00000  0.93323  0.83722  0.232E+01  0.830E+00  0.267E+02  1.0000  1.1813 
     93    0.4     6    18      0  0.840  1.00000  0.93482  0.83874  0.326E+01  0.983E+00  0.313E+02  1.0000  1.1810 
     94    0.4     6    18      0  0.861  1.00000  0.93644  0.84014  0.456E+01  0.116E+01  0.369E+02  1.0000  1.1807 
     95    0.4     7    17      0  0.884  1.00000  0.94545  0.84007  0.645E+01  0.118E+01  0.439E+02  1.0000  1.1912 
     96    0.4     8    15      0  0.906  1.00000  0.95477  0.83904  0.920E+01  0.118E+01  0.519E+02  1.0000  1.1995 
     97    0.5     9    14      0  0.928  1.00000  0.96231  0.83854  0.131E+02  0.118E+01  0.609E+02  1.0000  1.1972 
     98    0.5    11    13      0  0.952  1.00000  0.96888  0.83844  0.186E+02  0.118E+01  0.719E+02  1.0000  1.1949 
     99    0.5    13    12      0  0.976  1.00000  0.97436  0.83864  0.264E+02  0.118E+01  0.849E+02  1.0000  1.1928 
#-------------------------------------------------------------------------------------------------------------------#
# Grid | CPU  | Sub | KSP | nAvg |  Sl  | Sensor | Sensor | Min     | Min     |  deltaS  | March    | cMax  | Ratio |
# Lvl  | Time | Its | Its |      |      | Max    | Min    | Quality | Volume  |          | Distance |       | kMax  |
#-------------------------------------------------------------------------------------------------------------------#
    100    0.5    16    11      0  1.001  1.00000  0.97906  0.83905  0.374E+02  0.118E+01  0.101E+03  1.0000  1.1909 
