



   ---------------------------------------------------------------------------
     START OF THE SEQUENTIAL LEAST SQUARES PROGRAMMING ALGORIT  
   ---------------------------------------------------------------------------

     PARAMETERS:
        ACC =   0.1000D-05
        MAXITER =500
        IPRINT =   1
IOUT =  60


     ITER =    1     OBJ =  0.26707722E+01
     ITER =    2     OBJ =  0.36239424E+01
     ITER =    3     OBJ =  0.49726152E+01
     ITER =    4     OBJ =  0.49664060E+01
     ITER =    5     OBJ =  0.49588225E+01
     ITER =    6     OBJ =  0.49584632E+01
     ITER =    7     OBJ =  0.49671465E+01
     ITER =    8     OBJ =  0.49729214E+01
     ITER =    9     OBJ =  0.49762875E+01
     ITER =   10     OBJ =  0.49791975E+01
     ITER =   11     OBJ =  0.49790635E+01
     ITER =   12     OBJ =  0.49791570E+01
     ITER =   13     OBJ =  0.49791460E+01
     ITER =   14     OBJ =  0.49791462E+01
     ITER =   15     OBJ =  0.49791764E+01
     ITER =   16     OBJ =  0.49791771E+01
     ITER =   17     OBJ =  0.49791736E+01
     ITER =   18     OBJ =  0.49791703E+01
     ITER =   19     OBJ =  0.49791653E+01
     ITER =   20     OBJ =  0.49791629E+01
     ITER =   21     OBJ =  0.49791527E+01
     ITER =   22     OBJ =  0.49791515E+01
        NUMBER OF FUNC-CALLS:  NFUNC =  33
        NUMBER OF GRAD-CALLS:  NGRAD =  23
